<<<<<<< HEAD
Base path: C:/Program Files/Unity/Editor/Data
=======
Base path: C:/Program Files/Unity/Editor/2018.4.17f1/Editor/Data
Cmd: initializeCompiler
Cmd: initializeCompiler
Cmd: initializeCompiler
Cmd: initializeCompiler
Cmd: initializeCompiler
Cmd: initializeCompiler
Cmd: initializeCompiler
Cmd: initializeCompiler
Cmd: initializeCompiler
Cmd: initializeCompiler
Cmd: initializeCompiler
Cmd: initializeCompiler
Cmd: initializeCompiler
Cmd: initializeCompiler
Cmd: initializeCompiler
>>>>>>> ba2684e378977c43e224bd782ad5ee26938e382e
Cmd: initializeCompiler
Cmd: initializeCompiler
